0 info it worked if it ends with ok
1 verbose cli [ 'C:\\Program Files\\nodejs\\node.exe',
1 verbose cli   'C:\\Program Files\\nodejs\\node_modules\\npm\\bin\\npm-cli.js',
1 verbose cli   'start',
1 verbose cli   'D:\\mine\\expressServer\\myapp\\app.js' ]
2 info using npm@3.10.10
3 info using node@v6.10.3
4 verbose run-script [ 'prestart', 'start', 'poststart' ]
5 info lifecycle express-server@~prestart: express-server@
6 silly lifecycle express-server@~prestart: no script for prestart, continuing
7 info lifecycle express-server@~start: express-server@
8 verbose lifecycle express-server@~start: unsafe-perm in lifecycle true
9 verbose lifecycle express-server@~start: PATH: C:\Program Files\nodejs\node_modules\npm\bin\node-gyp-bin;D:\mine\expressServer\myapp\node_modules\.bin;c:\program files (x86)\imagemagick-6.2.7-q16;C:\ProgramData\Oracle\Java\javapath;C:\windows\system32;C:\windows;C:\windows\System32\Wbem;C:\windows\System32\WindowsPowerShell\v1.0\;C:\Program Files (x86)\GtkSharp\2.12\bin;C:\Program Files\TortoiseSVN\bin;C:\Program Files\nodejs\;C:\Program Files\Perforce;C:\Program Files\putty;C:\Users\hzwangxinzhe1\AppData\Local\Microsoft\WindowsApps;C:\Users\hzwangxinzhe1\AppData\Local\Programs\Git\cmd;C:\Users\hzwangxinzhe1\AppData\Local\atom\bin;C:\Gradle\gradle-3.5\bin;C:\Users\hzwangxinzhe1\AppData\Roaming\npm;C:\Python27\;C:\Program Files (x86)\Microsoft VS Code\bin;C:\Program Files\putty;C:\python27\scripts
10 verbose lifecycle express-server@~start: CWD: D:\mine\expressServer\myapp
11 silly lifecycle express-server@~start: Args: [ '/d /s /c',
11 silly lifecycle   'node app.js "D:\\mine\\expressServer\\myapp\\app.js"' ]
12 silly lifecycle express-server@~start: Returned: code: 3221225786  signal: null
13 info lifecycle express-server@~start: Failed to exec start script
14 verbose stack Error: express-server@ start: `node app.js "D:\mine\expressServer\myapp\app.js"`
14 verbose stack Exit status 3221225786
14 verbose stack     at EventEmitter.<anonymous> (C:\Program Files\nodejs\node_modules\npm\lib\utils\lifecycle.js:255:16)
14 verbose stack     at emitTwo (events.js:106:13)
14 verbose stack     at EventEmitter.emit (events.js:191:7)
14 verbose stack     at ChildProcess.<anonymous> (C:\Program Files\nodejs\node_modules\npm\lib\utils\spawn.js:40:14)
14 verbose stack     at emitTwo (events.js:106:13)
14 verbose stack     at ChildProcess.emit (events.js:191:7)
14 verbose stack     at maybeClose (internal/child_process.js:886:16)
14 verbose stack     at Process.ChildProcess._handle.onexit (internal/child_process.js:226:5)
15 verbose pkgid express-server@
16 verbose cwd D:\mine\expressServer\myapp
17 error Windows_NT 10.0.14393
18 error argv "C:\\Program Files\\nodejs\\node.exe" "C:\\Program Files\\nodejs\\node_modules\\npm\\bin\\npm-cli.js" "start" "D:\\mine\\expressServer\\myapp\\app.js"
19 error node v6.10.3
20 error npm  v3.10.10
21 error code ELIFECYCLE
22 error express-server@ start: `node app.js "D:\mine\expressServer\myapp\app.js"`
22 error Exit status 3221225786
23 error Failed at the express-server@ start script 'node app.js "D:\mine\expressServer\myapp\app.js"'.
23 error Make sure you have the latest version of node.js and npm installed.
23 error If you do, this is most likely a problem with the express-server package,
23 error not with npm itself.
23 error Tell the author that this fails on your system:
23 error     node app.js "D:\mine\expressServer\myapp\app.js"
23 error You can get information on how to open an issue for this project with:
23 error     npm bugs express-server
23 error Or if that isn't available, you can get their info via:
23 error     npm owner ls express-server
23 error There is likely additional logging output above.
24 verbose exit [ 1, true ]
